julian's ARVR course/Temp/gradleOut/launcher/build/intermediates/manifest_merge_blame_file/release/manifest-merger-blame-release-report.txt
1<?xml version="1.0" encoding="utf-8"?>
2<!-- GENERATED BY UNITY. REMOVE THIS COMMENT TO PREVENT OVERWRITING WHEN EXPORTING AGAIN -->
3<manifest xmlns:android="http://schemas.android.com/apk/res/android"
4    package="com.DefaultCompany.juliansARVRcourse"
5    android:installLocation="auto"
6    android:versionCode="1"
7    android:versionName="0.1" >
8
9    <uses-sdk
10        android:minSdkVersion="23"
10-->src/main/AndroidManifest.xml
11        android:targetSdkVersion="29" />
11-->src/main/AndroidManifest.xml
12
13    <supports-screens
13-->src/main/AndroidManifest.xml:4:3-163
14        android:anyDensity="true"
14-->src/main/AndroidManifest.xml:4:135-160
15        android:largeScreens="true"
15-->src/main/AndroidManifest.xml:4:78-105
16        android:normalScreens="true"
16-->src/main/AndroidManifest.xml:4:49-77
17        android:smallScreens="true"
17-->src/main/AndroidManifest.xml:4:21-48
18        android:xlargeScreens="true" />
18-->src/main/AndroidManifest.xml:4:106-134
19
20    <uses-feature android:glEsVersion="0x00030000" />
20-->[:unityLibrary] AndroidManifest.xml:14:5-54
20-->[:unityLibrary] AndroidManifest.xml:14:19-51
21
22    <uses-permission android:name="android.permission.INTERNET" />
22-->[:unityLibrary] AndroidManifest.xml:16:5-67
22-->[:unityLibrary] AndroidManifest.xml:16:22-64
23    <uses-permission android:name="android.permission.RECORD_AUDIO" />
23-->[:unityLibrary] AndroidManifest.xml:17:5-71
23-->[:unityLibrary] AndroidManifest.xml:17:22-68
24    <uses-permission android:name="android.permission.MODIFY_AUDIO_SETTINGS" />
24-->[:unityLibrary] AndroidManifest.xml:18:5-80
24-->[:unityLibrary] AndroidManifest.xml:18:22-77
25
26    <uses-feature
26-->[:unityLibrary] AndroidManifest.xml:20:5-22:36
27        android:name="android.hardware.microphone"
27-->[:unityLibrary] AndroidManifest.xml:21:9-51
28        android:required="false" />
28-->[:unityLibrary] AndroidManifest.xml:22:9-33
29    <uses-feature
29-->[:unityLibrary] AndroidManifest.xml:23:5-25:36
30        android:name="android.hardware.touchscreen"
30-->[:unityLibrary] AndroidManifest.xml:24:9-52
31        android:required="false" />
31-->[:unityLibrary] AndroidManifest.xml:25:9-33
32    <uses-feature
32-->[:unityLibrary] AndroidManifest.xml:26:5-28:36
33        android:name="android.hardware.touchscreen.multitouch"
33-->[:unityLibrary] AndroidManifest.xml:27:9-63
34        android:required="false" />
34-->[:unityLibrary] AndroidManifest.xml:28:9-33
35    <uses-feature
35-->[:unityLibrary] AndroidManifest.xml:29:5-31:36
36        android:name="android.hardware.touchscreen.multitouch.distinct"
36-->[:unityLibrary] AndroidManifest.xml:30:9-72
37        android:required="false" />
37-->[:unityLibrary] AndroidManifest.xml:31:9-33
38    <uses-feature
38-->[:unityLibrary] AndroidManifest.xml:32:5-35:31
39        android:name="android.hardware.vr.headtracking"
39-->[:unityLibrary] AndroidManifest.xml:33:9-56
40        android:required="true"
40-->[:unityLibrary] AndroidManifest.xml:34:9-32
41        android:version="1" />
41-->[:unityLibrary] AndroidManifest.xml:35:9-28
42
43    <application
43-->src/main/AndroidManifest.xml:5:3-116
44        android:allowBackup="false"
44-->[:unityLibrary] AndroidManifest.xml:38:9-36
45        android:extractNativeLibs="true"
45-->src/main/AndroidManifest.xml:5:16-48
46        android:icon="@mipmap/app_icon"
46-->src/main/AndroidManifest.xml:5:82-113
47        android:label="@string/app_name" >
47-->src/main/AndroidManifest.xml:5:49-81
48        <activity
48-->[:unityLibrary] AndroidManifest.xml:41:9-62:20
49            android:name="com.unity3d.player.UnityPlayerActivity"
49-->[:unityLibrary] AndroidManifest.xml:42:13-66
50            android:configChanges="keyboard|keyboardHidden|navigation|orientation|screenLayout|screenSize|uiMode"
50-->[:unityLibrary] AndroidManifest.xml:43:13-114
51            android:hardwareAccelerated="false"
51-->[:unityLibrary] AndroidManifest.xml:44:13-48
52            android:launchMode="singleTask"
52-->[:unityLibrary] AndroidManifest.xml:45:13-44
53            android:resizeableActivity="false"
53-->[:unityLibrary] AndroidManifest.xml:46:13-47
54            android:screenOrientation="landscape"
54-->[:unityLibrary] AndroidManifest.xml:47:13-50
55            android:theme="@android:style/Theme.Black.NoTitleBar.Fullscreen" >
55-->[:unityLibrary] AndroidManifest.xml:48:13-77
56            <intent-filter>
56-->[:unityLibrary] AndroidManifest.xml:49:13-54:29
57                <action android:name="android.intent.action.MAIN" />
57-->[:unityLibrary] AndroidManifest.xml:50:17-69
57-->[:unityLibrary] AndroidManifest.xml:50:25-66
58
59                <category android:name="android.intent.category.LAUNCHER" />
59-->[:unityLibrary] AndroidManifest.xml:52:17-77
59-->[:unityLibrary] AndroidManifest.xml:52:27-74
60                <category android:name="com.oculus.intent.category.VR" />
60-->[:unityLibrary] AndroidManifest.xml:53:17-74
60-->[:unityLibrary] AndroidManifest.xml:53:27-71
61            </intent-filter>
62
63            <meta-data
63-->[:unityLibrary] AndroidManifest.xml:56:13-58:40
64                android:name="unityplayer.UnityActivity"
64-->[:unityLibrary] AndroidManifest.xml:57:17-57
65                android:value="true" />
65-->[:unityLibrary] AndroidManifest.xml:58:17-37
66            <meta-data
66-->[:unityLibrary] AndroidManifest.xml:59:13-61:40
67                android:name="com.oculus.vr.focusaware"
67-->[:unityLibrary] AndroidManifest.xml:60:17-56
68                android:value="true" />
68-->[:unityLibrary] AndroidManifest.xml:61:17-37
69        </activity>
70
71        <meta-data
71-->[:unityLibrary] AndroidManifest.xml:64:9-66:33
72            android:name="unity.splash-mode"
72-->[:unityLibrary] AndroidManifest.xml:65:13-45
73            android:value="0" />
73-->[:unityLibrary] AndroidManifest.xml:66:13-30
74        <meta-data
74-->[:unityLibrary] AndroidManifest.xml:67:9-69:36
75            android:name="unity.splash-enable"
75-->[:unityLibrary] AndroidManifest.xml:68:13-47
76            android:value="True" />
76-->[:unityLibrary] AndroidManifest.xml:69:13-33
77        <meta-data
77-->[:unityLibrary] AndroidManifest.xml:70:9-72:37
78            android:name="unity.allow-resizable-window"
78-->[:unityLibrary] AndroidManifest.xml:71:13-56
79            android:value="False" />
79-->[:unityLibrary] AndroidManifest.xml:72:13-34
80        <meta-data
80-->[:unityLibrary] AndroidManifest.xml:73:9-75:68
81            android:name="unity.build-id"
81-->[:unityLibrary] AndroidManifest.xml:74:13-42
82            android:value="8f3852e1-7e0b-42b1-8614-ee2f940c5b43" />
82-->[:unityLibrary] AndroidManifest.xml:75:13-65
83        <meta-data
83-->[:unityLibrary] AndroidManifest.xml:76:9-78:39
84            android:name="com.samsung.android.vr.application.mode"
84-->[:unityLibrary] AndroidManifest.xml:77:13-67
85            android:value="vr_only" />
85-->[:unityLibrary] AndroidManifest.xml:78:13-36
86        <meta-data
86-->[:unityLibrary] AndroidManifest.xml:79:9-81:37
87            android:name="com.unity.xr.oculus.LowOverheadMode"
87-->[:unityLibrary] AndroidManifest.xml:80:13-63
88            android:value="false" />
88-->[:unityLibrary] AndroidManifest.xml:81:13-34
89        <meta-data
89-->[:unityLibrary] AndroidManifest.xml:82:9-84:44
90            android:name="com.oculus.supportedDevices"
90-->[:unityLibrary] AndroidManifest.xml:83:13-55
91            android:value="quest|quest2" />
91-->[:unityLibrary] AndroidManifest.xml:84:13-41
92    </application>
93
94</manifest>